<?xml version="1.0" encoding="UTF-8"?>
<testng-results total="2" passed="2" failed="0" skipped="0">
  <reporter-output>
  </reporter-output>
  <suite started-at="2020-11-02T09:49:08Z" name="GRID SAMPLE TEST" finished-at="2020-11-02T09:49:33Z" duration-ms="24802">
    <groups>
    </groups>
    <test started-at="2020-11-02T09:49:08Z" name="GRID TEST WITH SERIAL EXECTION WITH BROWSER FF" finished-at="2020-11-02T09:49:33Z" duration-ms="24802">
      <class name="example.GridExample">
        <test-method signature="Grid()[pri:0, instance:example.GridExample@77f1baf5]" started-at="2020-11-02T15:19:08Z" name="Grid" finished-at="2020-11-02T15:19:15Z" duration-ms="6739" status="PASS">
          <reporter-output>
          </reporter-output>
        </test-method> <!-- Grid -->
        <test-method signature="Grid1()[pri:0, instance:example.GridExample@77f1baf5]" started-at="2020-11-02T15:19:15Z" name="Grid1" finished-at="2020-11-02T15:19:33Z" duration-ms="18031" status="PASS">
          <reporter-output>
          </reporter-output>
        </test-method> <!-- Grid1 -->
      </class> <!-- example.GridExample -->
    </test> <!-- GRID TEST WITH SERIAL EXECTION WITH BROWSER FF -->
  </suite> <!-- GRID SAMPLE TEST -->
</testng-results>
