<?xml version="1.0" encoding="UTF-8"?>
<!-- Generated by org.testng.reporters.JUnitXMLReporter -->
<testsuite hostname="Sudhakar" failures="1" tests="1" name="GRID TEST WITH SERIAL EXECTION WITH BROWSER IE" time="1.374" errors="0" timestamp="2 Nov 2020 07:37:04 GMT">
  <testcase classname="example.GridExample" name="mailTest" time="1.312">
    <failure type="org.openqa.selenium.WebDriverException" message="Error forwarding the new session cannot find : Capabilities {browserName: iexplore, ensureCleanSession: true, platform: LINUX, version: }
Command duration or timeout: 207 milliseconds">
      <![CDATA[org.openqa.selenium.WebDriverException: Error forwarding the new session cannot find : Capabilities {browserName: iexplore, ensureCleanSession: true, platform: LINUX, version: }
Command duration or timeout: 207 milliseconds
	at org.openqa.selenium.remote.ErrorHandler.createThrowable(ErrorHandler.java:214)
	at org.openqa.selenium.remote.ErrorHandler.throwIfResponseFailed(ErrorHandler.java:166)
	at org.openqa.selenium.remote.JsonWireProtocolResponse.lambda$errorHandler$0(JsonWireProtocolResponse.java:54)
	at org.openqa.selenium.remote.HandshakeResponse.lambda$getResponseFunction$0(HandshakeResponse.java:30)
	at org.openqa.selenium.remote.ProtocolHandshake.lambda$createSession$0(ProtocolHandshake.java:126)
	at java.base/java.util.stream.ReferencePipeline$3$1.accept(Unknown Source)
	at java.base/java.util.Spliterators$ArraySpliterator.tryAdvance(Unknown Source)
	at java.base/java.util.stream.ReferencePipeline.forEachWithCancel(Unknown Source)
	at java.base/java.util.stream.AbstractPipeline.copyIntoWithCancel(Unknown Source)
	at java.base/java.util.stream.AbstractPipeline.copyInto(Unknown Source)
	at java.base/java.util.stream.AbstractPipeline.wrapAndCopyInto(Unknown Source)
	at java.base/java.util.stream.FindOps$FindOp.evaluateSequential(Unknown Source)
	at java.base/java.util.stream.AbstractPipeline.evaluate(Unknown Source)
	at java.base/java.util.stream.ReferencePipeline.findFirst(Unknown Source)
	at org.openqa.selenium.remote.ProtocolHandshake.createSession(ProtocolHandshake.java:128)
	at org.openqa.selenium.remote.ProtocolHandshake.createSession(ProtocolHandshake.java:74)
	at org.openqa.selenium.remote.HttpCommandExecutor.execute(HttpCommandExecutor.java:136)
	at org.openqa.selenium.remote.RemoteWebDriver.execute(RemoteWebDriver.java:552)
	at org.openqa.selenium.remote.RemoteWebDriver.startSession(RemoteWebDriver.java:213)
	at org.openqa.selenium.remote.RemoteWebDriver.<init>(RemoteWebDriver.java:131)
	at org.openqa.selenium.remote.RemoteWebDriver.<init>(RemoteWebDriver.java:144)
	at example.GridExample.mailTest(GridExample.java:35)
	at java.base/java.util.concurrent.FutureTask.run(Unknown Source)
	at java.base/java.util.concurrent.ThreadPoolExecutor.runWorker(Unknown Source)
	at java.base/java.util.concurrent.ThreadPoolExecutor$Worker.run(Unknown Source)
	at java.base/java.lang.Thread.run(Unknown Source)
Caused by: org.openqa.selenium.WebDriverException: Error forwarding the new session cannot find : Capabilities {browserName: iexplore, ensureCleanSession: true, platform: LINUX, version: }
Build info: version: '3.141.59', revision: 'e82be7d358', time: '2018-11-14T08:17:03'
System info: host: 'SUDHAKAR', ip: '192.168.0.173', os.name: 'Windows 10', os.arch: 'amd64', os.version: '10.0', java.version: '9.0.4'
Driver info: driver.version: unknown
	at org.openqa.grid.web.servlet.handler.RequestHandler.process(RequestHandler.java:118)
	at org.openqa.grid.web.servlet.DriverServlet.process(DriverServlet.java:85)
	at org.openqa.grid.web.servlet.DriverServlet.doPost(DriverServlet.java:69)
	at javax.servlet.http.HttpServlet.service(HttpServlet.java:707)
	at javax.servlet.http.HttpServlet.service(HttpServlet.java:790)
	at org.seleniumhq.jetty9.servlet.ServletHolder.handle(ServletHolder.java:865)
	at org.seleniumhq.jetty9.servlet.ServletHandler.doHandle(ServletHandler.java:535)
	at org.seleniumhq.jetty9.server.handler.ScopedHandler.handle(ScopedHandler.java:146)
	at org.seleniumhq.jetty9.security.SecurityHandler.handle(SecurityHandler.java:548)
	at org.seleniumhq.jetty9.server.handler.HandlerWrapper.handle(HandlerWrapper.java:132)
	at org.seleniumhq.jetty9.server.handler.ScopedHandler.nextHandle(ScopedHandler.java:257)
	at org.seleniumhq.jetty9.server.session.SessionHandler.doHandle(SessionHandler.java:1595)
	at org.seleniumhq.jetty9.server.handler.ScopedHandler.nextHandle(ScopedHandler.java:255)
	at org.seleniumhq.jetty9.server.handler.ContextHandler.doHandle(ContextHandler.java:1340)
	at org.seleniumhq.jetty9.server.handler.ScopedHandler.nextScope(ScopedHandler.java:203)
	at org.seleniumhq.jetty9.servlet.ServletHandler.doScope(ServletHandler.java:473)
	at org.seleniumhq.jetty9.server.session.SessionHandler.doScope(SessionHandler.java:1564)
	at org.seleniumhq.jetty9.server.handler.ScopedHandler.nextScope(ScopedHandler.java:201)
	at org.seleniumhq.jetty9.server.handler.ContextHandler.doScope(ContextHandler.java:1242)
	at org.seleniumhq.jetty9.server.handler.ScopedHandler.handle(ScopedHandler.java:144)
	at org.seleniumhq.jetty9.server.handler.HandlerWrapper.handle(HandlerWrapper.java:132)
	at org.seleniumhq.jetty9.server.Server.handle(Server.java:503)
	at org.seleniumhq.jetty9.server.HttpChannel.handle(HttpChannel.java:364)
	at org.seleniumhq.jetty9.server.HttpConnection.onFillable(HttpConnection.java:260)
	at org.seleniumhq.jetty9.io.AbstractConnection$ReadCallback.succeeded(AbstractConnection.java:305)
	at org.seleniumhq.jetty9.io.FillInterest.fillable(FillInterest.java:103)
	at org.seleniumhq.jetty9.io.ChannelEndPoint$2.run(ChannelEndPoint.java:118)
	at org.seleniumhq.jetty9.util.thread.strategy.EatWhatYouKill.runTask(EatWhatYouKill.java:333)
	at org.seleniumhq.jetty9.util.thread.strategy.EatWhatYouKill.doProduce(EatWhatYouKill.java:310)
	at org.seleniumhq.jetty9.util.thread.strategy.EatWhatYouKill.tryProduce(EatWhatYouKill.java:168)
	at org.seleniumhq.jetty9.util.thread.strategy.EatWhatYouKill.run(EatWhatYouKill.java:126)
	at org.seleniumhq.jetty9.util.thread.ReservedThreadExecutor$ReservedThread.run(ReservedThreadExecutor.java:366)
	at org.seleniumhq.jetty9.util.thread.QueuedThreadPool.runJob(QueuedThreadPool.java:765)
	at org.seleniumhq.jetty9.util.thread.QueuedThreadPool$2.run(QueuedThreadPool.java:683)
	at java.lang.Thread.run(Thread.java:748)
... Removed 20 stack frames]]>
    </failure>
  </testcase> <!-- mailTest -->
</testsuite> <!-- GRID TEST WITH SERIAL EXECTION WITH BROWSER IE -->
